<?xml version="1.0" encoding="UTF-8"?>
<testsuite name="PlayerTest" tests="13" skipped="0" failures="0" errors="0" timestamp="2024-09-29T13:39:01" hostname="MacBook-Air-2.gateway" time="0.007">
  <properties/>
  <testcase name="testGetAttackedWithShield" classname="PlayerTest" time="0.003"/>
  <testcase name="testMaxHPIncreasesButNotCurrentHPOnLevelUp" classname="PlayerTest" time="0.0"/>
  <testcase name="testAttackEnemy" classname="PlayerTest" time="0.001"/>
  <testcase name="testGetAttackedWithoutShield" classname="PlayerTest" time="0.0"/>
  <testcase name="testDoesNotGoPastMaxLevel" classname="PlayerTest" time="0.001"/>
  <testcase name="testInitialPlayerStats" classname="PlayerTest" time="0.0"/>
  <testcase name="testUnequipItem" classname="PlayerTest" time="0.0"/>
  <testcase name="testEquipItem_shield" classname="PlayerTest" time="0.0"/>
  <testcase name="testEquipItem_weapon" classname="PlayerTest" time="0.0"/>
  <testcase name="testAPWithAndWithoutWeapon" classname="PlayerTest" time="0.0"/>
  <testcase name="testHealthDoesNotExceedMaxHP" classname="PlayerTest" time="0.0"/>
  <testcase name="testAPIsCorrectAfterLevelUp" classname="PlayerTest" time="0.001"/>
  <testcase name="testUseHealthPotionIncreasesHP" classname="PlayerTest" time="0.0"/>
  <system-out><![CDATA[Equipped item: Shield
HP increased by: 30
Shield absorbed the damage. Shield strength: 15
Congratulations! You've reached level 2!
Your new MaxHP: 120, Your new base AP: 20
Congratulations! You've reached level 3!
Your new MaxHP: 140, Your new base AP: 30
Congratulations! You've reached level 4!
Your new MaxHP: 160, Your new base AP: 40
Equipped item: Sword
Base AP: 10 Weapon AP: 20
Your Health Points (HP): 100, Your Attack Points (AP): 30
You attacked the enemy. Enemy HP is now: 20
Player took damage. New HP: 85
Congratulations! You've reached level 2!
Your new MaxHP: 120, Your new base AP: 20
Congratulations! You've reached level 3!
Your new MaxHP: 140, Your new base AP: 30
Congratulations! You've reached level 4!
Your new MaxHP: 160, Your new base AP: 40
Congratulations! You've reached level 5!
Your new MaxHP: 180, Your new base AP: 50
You have reached the maximum level!
You have reached the maximum level!
10
Equipped item: Sword
Base AP: 10 Weapon AP: 20
30
Unequipped item: Sword
10
Equipped item: Shield
HP increased by: 30
Equipped item: Sword
Base AP: 10 Weapon AP: 20
Equipped item: Sword
Base AP: 10 Weapon AP: 20
Used item: Health Potion
HP increased by: 0
Congratulations! You've reached level 2!
Your new MaxHP: 120, Your new base AP: 20
Congratulations! You've reached level 3!
Your new MaxHP: 140, Your new base AP: 30
Congratulations! You've reached level 4!
Your new MaxHP: 160, Your new base AP: 40
Used item: Health Potion
HP increased by: 0
]]></system-out>
  <system-err><![CDATA[]]></system-err>
</testsuite>
