<?xml version="1.0" encoding="UTF-8"?>
<testsuite name="PlayerTest" tests="10" skipped="0" failures="0" errors="0" timestamp="2024-09-26T01:00:20" hostname="MacBook-Air-2.gateway" time="0.042">
  <properties/>
  <testcase name="testGetAttackedWithShield" classname="PlayerTest" time="0.02"/>
  <testcase name="testAttackEnemy" classname="PlayerTest" time="0.009"/>
  <testcase name="testUseHealthPotion" classname="PlayerTest" time="0.001"/>
  <testcase name="returnCorrectItemsEquipped" classname="PlayerTest" time="0.008"/>
  <testcase name="returnCorrectAPWithAndWithoutWeapons" classname="PlayerTest" time="0.001"/>
  <testcase name="testGetAttackedWithoutShield" classname="PlayerTest" time="0.001"/>
  <testcase name="testInitialPlayerStats" classname="PlayerTest" time="0.0"/>
  <testcase name="testUnequipItem" classname="PlayerTest" time="0.001"/>
  <testcase name="testEquipItem_shield" classname="PlayerTest" time="0.0"/>
  <testcase name="testEquipItem_weapon" classname="PlayerTest" time="0.001"/>
  <system-out><![CDATA[Equipped item: Shield
HP increased by: 30
Shield absorbed the damage. Shield value left: 15
Equipped item: Sword
Base AP: 10 Weapon AP: 20
Your Health Points (HP): 100, Your Attack Points (AP): 30
You attacked the enemy. Enemy HP is now: 20
Used item: Health Potion
HP increased by: 50
Equipped item: weapon1
Base AP: 10 Weapon AP: 25
Equipped item: weapon1
Base AP: 10 Weapon AP: 25
Player took damage. New HP: 85
10
Equipped item: Sword
Base AP: 10 Weapon AP: 20
30
Unequipped item: Sword
10
Equipped item: Shield
HP increased by: 30
Equipped item: Sword
Base AP: 10 Weapon AP: 20
]]></system-out>
  <system-err><![CDATA[]]></system-err>
</testsuite>
