<?xml version="1.0" encoding="UTF-8"?>
<testsuite name="GameLoadingTest" tests="6" skipped="0" failures="0" errors="0" timestamp="2024-09-29T13:39:01" hostname="MacBook-Air-2.gateway" time="0.015">
  <properties/>
  <testcase name="tooManyNpcs" classname="GameLoadingTest" time="0.005"/>
  <testcase name="testPlayerMoveStoppedByObstacle" classname="GameLoadingTest" time="0.003"/>
  <testcase name="testComplexPlayerMove" classname="GameLoadingTest" time="0.002"/>
  <testcase name="testPlayerMoveStoppedByEntity" classname="GameLoadingTest" time="0.001"/>
  <testcase name="tooManyEnemies" classname="GameLoadingTest" time="0.002"/>
  <testcase name="testPlayerMoveWithoutCollision" classname="GameLoadingTest" time="0.002"/>
  <system-out><![CDATA[Can't move there!
Can't move there!
]]></system-out>
  <system-err><![CDATA[]]></system-err>
</testsuite>
