<?xml version="1.0" encoding="UTF-8"?>
<testsuite name="InventoryTest" tests="10" skipped="0" failures="0" errors="0" timestamp="2024-09-29T12:51:14" hostname="DESKTOP-1TV7L6O" time="0.026">
  <properties/>
  <testcase name="testNullSafetyInGetEquippedItems" classname="InventoryTest" time="0.0"/>
  <testcase name="testAddItem" classname="InventoryTest" time="0.008"/>
  <testcase name="testRemoveItem1" classname="InventoryTest" time="0.0"/>
  <testcase name="testAddItem1" classname="InventoryTest" time="0.001"/>
  <testcase name="testGetItem" classname="InventoryTest" time="0.012"/>
  <testcase name="testRemoveItem" classname="InventoryTest" time="0.002"/>
  <testcase name="testGetEquippedItems" classname="InventoryTest" time="0.0"/>
  <testcase name="testGetUnequippedItems" classname="InventoryTest" time="0.001"/>
  <testcase name="testGetEquippedItemsWhenEmpty" classname="InventoryTest" time="0.0"/>
  <testcase name="testAddAndEquipItem" classname="InventoryTest" time="0.0"/>
  <system-out><![CDATA[]]></system-out>
  <system-err><![CDATA[]]></system-err>
</testsuite>
