<?xml version="1.0" encoding="UTF-8"?>
<testsuite name="MapCollisionTest" tests="4" skipped="0" failures="0" errors="0" timestamp="2024-09-29T12:51:14" hostname="DESKTOP-1TV7L6O" time="0.005">
  <properties/>
  <testcase name="testNoCollision" classname="MapCollisionTest" time="0.001"/>
  <testcase name="testCollisionWithNoEntities" classname="MapCollisionTest" time="0.002"/>
  <testcase name="testCorrectCollidingEntity" classname="MapCollisionTest" time="0.001"/>
  <testcase name="testCorrectEntityAfterMove" classname="MapCollisionTest" time="0.001"/>
  <system-out><![CDATA[]]></system-out>
  <system-err><![CDATA[]]></system-err>
</testsuite>
